Parse trace from '/tmp/heap.svdat'...
Stop parsing trace. (Timeout 0.000000 sec while reading 1 bytes!)
Parse trace from '/tmp/heap2.svdat'...
Stop parsing trace. (Timeout 0.000000 sec while reading 1 bytes!)
Process events from '['/tmp/heap.svdat', '/tmp/heap2.svdat']'...
Processing completed.
Processed 81800 events
=============== LOG TRACE REPORT ===============
Processed 0 log messages.
=============== HEAP TRACE REPORT ===============
Processed 1602 heap events.
[4.828441275] HEAP: Allocated 16 bytes @ 0x3ffd5250 from task "async_tcp" on core 1 by: 
/home/ulrich/.platformio/packages/framework-arduinoespressif32/cores/esp32/WString.cpp:183 (discriminator 4)
/home/ulrich/.platformio/packages/framework-arduinoespressif32/cores/esp32/WString.cpp:147 (discriminator 4)

[4.828784100] HEAP: Allocated 16 bytes @ 0x3ffd5294 from task "async_tcp" on core 1 by: 
/home/ulrich/.platformio/packages/framework-arduinoespressif32/cores/esp32/WString.cpp:183 (discriminator 4)
/home/ulrich/.platformio/packages/framework-arduinoespressif32/cores/esp32/WString.cpp:147 (discriminator 4)

[4.829007875] HEAP: Allocated 96 bytes @ 0x3ffd73d0 from task "async_tcp" on core 1 by: 
/home/ulrich/.platformio/packages/framework-arduinoespressif32/cores/esp32/WString.cpp:183 (discriminator 4)
/home/ulrich/.platformio/packages/framework-arduinoespressif32/cores/esp32/WString.cpp:147 (discriminator 4)

[4.829538725] HEAP: Allocated 186 bytes @ 0x3ffd7520 from task "tiT" on core 1 by: 
/home/ulrich/.platformio/packages/framework-espidf/components/esp32/esp_adapter.c:412
??:?

Possible wrong free operation found
[8.837726750] HEAP: Freed bytes @ 0x3ffd7534 from task "async_tcp" on core 1 by: 
/home/ulrich/.platformio/packages/framework-arduinoespressif32/cores/esp32/WString.h:303
/home/ulrich/.platformio/packages/framework-arduinoespressif32/cores/esp32/WString.cpp:125

Possible wrong free operation found
[8.837774150] HEAP: Freed bytes @ 0x3ffd7558 from task "async_tcp" on core 1 by: 
/builds/idf/crosstool-NG/.build/xtensa-esp32-elf/src/gcc/libstdc++-v3/libsupc++/del_op.cc:50
/home/ulrich/mysrc/esp32/esp_ajax_if/lib/ESPAsyncWebServer/src/WebRequest.cpp:247

[5.188447550] HEAP: Allocated 1696 bytes @ 0x3ffd76f8 from task "wifi" on core 0 by: 
/home/ulrich/.platformio/packages/framework-espidf/components/esp32/esp_adapter.c:65
??:?

[5.228423325] HEAP: Allocated 24 bytes @ 0x3ffd5844 from task "wifi" on core 0 by: 
/home/ulrich/.platformio/packages/framework-espidf/components/lwip/lwip/src/core/mem.c:237
/home/ulrich/.platformio/packages/framework-espidf/components/lwip/lwip/src/core/memp.c:254

[5.238420525] HEAP: Allocated 16 bytes @ 0x3ffd5758 from task "wifi" on core 0 by: 
/home/ulrich/.platformio/packages/framework-espidf/components/lwip/lwip/src/core/mem.c:237
/home/ulrich/.platformio/packages/framework-espidf/components/lwip/lwip/src/core/memp.c:254

[5.238510700] HEAP: Allocated 36 bytes @ 0x3ffd5870 from task "tiT" on core 1 by: 
/home/ulrich/mysrc/esp32/esp_ajax_if/lib/AsyncTCP/src/AsyncTCP.cpp:258
/home/ulrich/.platformio/packages/framework-espidf/components/lwip/lwip/src/core/tcp.c:1425 (discriminator 1)

[6.228393400] HEAP: Allocated 1696 bytes @ 0x3ffd5a80 from task "wifi" on core 0 by: 
/home/ulrich/.platformio/packages/framework-espidf/components/esp32/esp_adapter.c:65
??:?

[6.248469350] HEAP: Allocated 24 bytes @ 0x3ffd566c from task "wifi" on core 0 by: 
/home/ulrich/.platformio/packages/framework-espidf/components/lwip/lwip/src/core/mem.c:237
/home/ulrich/.platformio/packages/framework-espidf/components/lwip/lwip/src/core/memp.c:254

[6.258417325] HEAP: Allocated 16 bytes @ 0x3ffd72b8 from task "wifi" on core 0 by: 
/home/ulrich/.platformio/packages/framework-espidf/components/lwip/lwip/src/core/mem.c:237
/home/ulrich/.platformio/packages/framework-espidf/components/lwip/lwip/src/core/memp.c:254

[8.228393800] HEAP: Allocated 1696 bytes @ 0x3ffd82ec from task "wifi" on core 0 by: 
/home/ulrich/.platformio/packages/framework-espidf/components/esp32/esp_adapter.c:65
??:?

[8.248391750] HEAP: Allocated 24 bytes @ 0x3ffd5698 from task "wifi" on core 0 by: 
/home/ulrich/.platformio/packages/framework-espidf/components/lwip/lwip/src/core/mem.c:237
/home/ulrich/.platformio/packages/framework-espidf/components/lwip/lwip/src/core/memp.c:254

[8.248439100] HEAP: Allocated 16 bytes @ 0x3ffd56c4 from task "wifi" on core 0 by: 
/home/ulrich/.platformio/packages/framework-espidf/components/lwip/lwip/src/core/mem.c:237
/home/ulrich/.platformio/packages/framework-espidf/components/lwip/lwip/src/core/memp.c:254

[8.778556950] HEAP: Allocated 100 bytes @ 0x3ffd58a8 from task "async_tcp" on core 1 by: 
/builds/idf/crosstool-NG/.build/xtensa-esp32-elf/src/gcc/libstdc++-v3/libsupc++/new_op.cc:50
/home/ulrich/.platformio/packages/toolchain-xtensa32/xtensa-esp32-elf/include/c++/8.2.0/bits/allocated_ptr.h:53

[8.778666325] HEAP: Allocated 18 bytes @ 0x3ffd56e8 from task "async_tcp" on core 1 by: 
/home/ulrich/.platformio/packages/framework-espidf/components/newlib/heap.c:53
??:0

[8.778841075] HEAP: Allocated 428 bytes @ 0x3ffd89a0 from task "async_tcp" on core 1 by: 
/home/ulrich/.platformio/packages/framework-espidf/components/newlib/heap.c:53
??:0

[8.778863775] HEAP: Allocated 80 bytes @ 0x3ffd5920 from task "async_tcp" on core 1 by: 
/home/ulrich/.platformio/packages/framework-espidf/components/freertos/queue.c:392
/home/ulrich/.platformio/packages/framework-espidf/components/freertos/queue.c:499

[8.779471475] HEAP: Allocated 16 bytes @ 0x3ffd5800 from task "async_tcp" on core 1 by: 
/builds/idf/crosstool-NG/.build/xtensa-esp32-elf/src/gcc/libstdc++-v3/libsupc++/new_op.cc:50
/home/ulrich/mysrc/esp32/esp_ajax_if/lib/ESPAsyncWebServer/src/StringArray.h:67

[8.779499900] HEAP: Allocated 16 bytes @ 0x3ffd8b60 from task "async_tcp" on core 1 by: 
/home/ulrich/.platformio/packages/framework-arduinoespressif32/cores/esp32/WString.cpp:183 (discriminator 4)
/home/ulrich/.platformio/packages/framework-arduinoespressif32/cores/esp32/WString.cpp:147 (discriminator 4)

[8.837965025] HEAP: Allocated 32 bytes @ 0x3ffd4478 from task "async_tcp" on core 1 by: 
/home/ulrich/.platformio/packages/framework-arduinoespressif32/cores/esp32/WString.cpp:183 (discriminator 4)
/home/ulrich/.platformio/packages/framework-arduinoespressif32/cores/esp32/WString.cpp:147 (discriminator 4)

[8.838153875] HEAP: Allocated 144 bytes @ 0x3ffd7444 from task "async_tcp" on core 1 by: 
/builds/idf/crosstool-NG/.build/xtensa-esp32-elf/src/gcc/libstdc++-v3/libsupc++/new_op.cc:50
/home/ulrich/mysrc/esp32/esp_ajax_if/lib/ESPAsyncWebServer/src/WebHandlers.cpp:208

Possible wrong free operation found
[8.837625950] HEAP: Freed bytes @ 0x3ffd74c0 from task "async_tcp" on core 1 by: 
/home/ulrich/.platformio/packages/framework-arduinoespressif32/cores/esp32/WString.h:303
/home/ulrich/.platformio/packages/framework-arduinoespressif32/cores/esp32/WString.cpp:125

Possible wrong free operation found
[8.837640850] HEAP: Freed bytes @ 0x3ffd7478 from task "async_tcp" on core 1 by: 
/home/ulrich/.platformio/packages/framework-arduinoespressif32/cores/esp32/WString.h:303
/home/ulrich/.platformio/packages/framework-arduinoespressif32/cores/esp32/WString.cpp:125

[8.838291300] HEAP: Allocated 32 bytes @ 0x3ffd4a1c from task "async_tcp" on core 1 by: 
/home/ulrich/.platformio/packages/framework-arduinoespressif32/cores/esp32/WString.cpp:183 (discriminator 4)
/home/ulrich/.platformio/packages/framework-arduinoespressif32/cores/esp32/WString.cpp:147 (discriminator 4)

[8.839652425] HEAP: Allocated 224 bytes @ 0x3ffd8d1c from task "async_tcp" on core 1 by: 
/home/ulrich/.platformio/packages/framework-arduinoespressif32/cores/esp32/WString.cpp:183 (discriminator 4)
/home/ulrich/.platformio/packages/framework-arduinoespressif32/cores/esp32/WString.cpp:147 (discriminator 4)

[8.840095025] HEAP: Allocated 3403 bytes @ 0x3ffd8e10 from task "async_tcp" on core 1 by: 
/home/ulrich/mysrc/esp32/esp_ajax_if/lib/ESPAsyncWebServer/src/WebResponses.cpp:300
/home/ulrich/mysrc/esp32/esp_ajax_if/lib/ESPAsyncWebServer/src/WebResponses.cpp:262

[8.840333775] HEAP: Allocated 128 bytes @ 0x3ffd8b84 from task "async_tcp" on core 1 by: 
/home/ulrich/.platformio/packages/framework-espidf/components/newlib/heap.c:53
??:0

[11.256843500] HEAP: Allocated 1696 bytes @ 0x3ffd9b70 from task "wifi" on core 0 by: 
/home/ulrich/.platformio/packages/framework-espidf/components/esp32/esp_adapter.c:65
??:?

[11.257056875] HEAP: Allocated 24 bytes @ 0x3ffd5710 from task "wifi" on core 0 by: 
/home/ulrich/.platformio/packages/framework-espidf/components/lwip/lwip/src/core/mem.c:237
/home/ulrich/.platformio/packages/framework-espidf/components/lwip/lwip/src/core/memp.c:254

[11.257132900] HEAP: Allocated 16 bytes @ 0x3ffd4fac from task "wifi" on core 0 by: 
/home/ulrich/.platformio/packages/framework-espidf/components/lwip/lwip/src/core/mem.c:237
/home/ulrich/.platformio/packages/framework-espidf/components/lwip/lwip/src/core/memp.c:254

[11.259421325] HEAP: Allocated 1696 bytes @ 0x3ffda224 from task "wifi" on core 0 by: 
/home/ulrich/.platformio/packages/framework-espidf/components/esp32/esp_adapter.c:65
??:?

[11.259541875] HEAP: Allocated 24 bytes @ 0x3ffd7e50 from task "wifi" on core 0 by: 
/home/ulrich/.platformio/packages/framework-espidf/components/lwip/lwip/src/core/mem.c:237
/home/ulrich/.platformio/packages/framework-espidf/components/lwip/lwip/src/core/memp.c:254

[11.259581125] HEAP: Allocated 16 bytes @ 0x3ffd7e7c from task "wifi" on core 0 by: 
/home/ulrich/.platformio/packages/framework-espidf/components/lwip/lwip/src/core/mem.c:237
/home/ulrich/.platformio/packages/framework-espidf/components/lwip/lwip/src/core/memp.c:254

[12.280148400] HEAP: Allocated 218 bytes @ 0x3ffd8c18 from task "wifi" on core 0 by: 
/home/ulrich/.platformio/packages/framework-espidf/components/esp32/esp_adapter.c:65
??:?

[12.280223675] HEAP: Allocated 218 bytes @ 0x3ffd74e8 from task "wifi" on core 0 by: 
/home/ulrich/.platformio/packages/framework-espidf/components/esp32/esp_adapter.c:65
??:?

Possible wrong free operation found
[8.837726750] HEAP: Freed bytes @ 0x3ffd7534 from task "async_tcp" on core 1 by: 
/home/ulrich/.platformio/packages/framework-arduinoespressif32/cores/esp32/WString.h:303
/home/ulrich/.platformio/packages/framework-arduinoespressif32/cores/esp32/WString.cpp:125

Possible wrong free operation found
[8.837741950] HEAP: Freed bytes @ 0x3ffd7510 from task "async_tcp" on core 1 by: 
/home/ulrich/.platformio/packages/framework-arduinoespressif32/cores/esp32/WString.h:303
/home/ulrich/.platformio/packages/framework-arduinoespressif32/cores/esp32/WString.cpp:125

Possible wrong free operation found
[8.837774150] HEAP: Freed bytes @ 0x3ffd7558 from task "async_tcp" on core 1 by: 
/builds/idf/crosstool-NG/.build/xtensa-esp32-elf/src/gcc/libstdc++-v3/libsupc++/del_op.cc:50
/home/ulrich/mysrc/esp32/esp_ajax_if/lib/ESPAsyncWebServer/src/WebRequest.cpp:247

[12.280375775] HEAP: Allocated 24 bytes @ 0x3ffd577c from task "wifi" on core 0 by: 
/home/ulrich/.platformio/packages/framework-espidf/components/lwip/lwip/src/core/mem.c:237
/home/ulrich/.platformio/packages/framework-espidf/components/lwip/lwip/src/core/memp.c:254

[12.280418925] HEAP: Allocated 16 bytes @ 0x3ffd7ea0 from task "wifi" on core 0 by: 
/home/ulrich/.platformio/packages/framework-espidf/components/lwip/lwip/src/core/mem.c:237
/home/ulrich/.platformio/packages/framework-espidf/components/lwip/lwip/src/core/memp.c:254

[12.280502775] HEAP: Allocated 24 bytes @ 0x3ffd57a8 from task "wifi" on core 0 by: 
/home/ulrich/.platformio/packages/framework-espidf/components/lwip/lwip/src/core/mem.c:237
/home/ulrich/.platformio/packages/framework-espidf/components/lwip/lwip/src/core/memp.c:254

[12.280541850] HEAP: Allocated 16 bytes @ 0x3ffd57d4 from task "wifi" on core 0 by: 
/home/ulrich/.platformio/packages/framework-espidf/components/lwip/lwip/src/core/mem.c:237
/home/ulrich/.platformio/packages/framework-espidf/components/lwip/lwip/src/core/memp.c:254

[12.342855125] HEAP: Allocated 1696 bytes @ 0x3ffda8d8 from task "wifi" on core 0 by: 
/home/ulrich/.platformio/packages/framework-espidf/components/esp32/esp_adapter.c:65
??:?

[12.343013625] HEAP: Allocated 24 bytes @ 0x3ffd75d8 from task "wifi" on core 0 by: 
/home/ulrich/.platformio/packages/framework-espidf/components/lwip/lwip/src/core/mem.c:237
/home/ulrich/.platformio/packages/framework-espidf/components/lwip/lwip/src/core/memp.c:254

[12.343056725] HEAP: Allocated 16 bytes @ 0x3ffd7604 from task "wifi" on core 0 by: 
/home/ulrich/.platformio/packages/framework-espidf/components/lwip/lwip/src/core/mem.c:237
/home/ulrich/.platformio/packages/framework-espidf/components/lwip/lwip/src/core/memp.c:254

[13.304221000] HEAP: Allocated 218 bytes @ 0x3ffdaf8c from task "wifi" on core 0 by: 
/home/ulrich/.platformio/packages/framework-espidf/components/esp32/esp_adapter.c:65
??:?

[13.304296175] HEAP: Allocated 218 bytes @ 0x3ffdb07c from task "wifi" on core 0 by: 
/home/ulrich/.platformio/packages/framework-espidf/components/esp32/esp_adapter.c:65
??:?

[13.304447975] HEAP: Allocated 24 bytes @ 0x3ffd7628 from task "wifi" on core 0 by: 
/home/ulrich/.platformio/packages/framework-espidf/components/lwip/lwip/src/core/mem.c:237
/home/ulrich/.platformio/packages/framework-espidf/components/lwip/lwip/src/core/memp.c:254

[13.304491075] HEAP: Allocated 16 bytes @ 0x3ffd7654 from task "wifi" on core 0 by: 
/home/ulrich/.platformio/packages/framework-espidf/components/lwip/lwip/src/core/mem.c:237
/home/ulrich/.platformio/packages/framework-espidf/components/lwip/lwip/src/core/memp.c:254

[13.304576500] HEAP: Allocated 24 bytes @ 0x3ffd7678 from task "wifi" on core 0 by: 
/home/ulrich/.platformio/packages/framework-espidf/components/lwip/lwip/src/core/mem.c:237
/home/ulrich/.platformio/packages/framework-espidf/components/lwip/lwip/src/core/memp.c:254

[13.304615525] HEAP: Allocated 16 bytes @ 0x3ffd76a4 from task "wifi" on core 0 by: 
/home/ulrich/.platformio/packages/framework-espidf/components/lwip/lwip/src/core/mem.c:237
/home/ulrich/.platformio/packages/framework-espidf/components/lwip/lwip/src/core/memp.c:254

[14.328025775] HEAP: Allocated 218 bytes @ 0x3ffdb16c from task "wifi" on core 0 by: 
/home/ulrich/.platformio/packages/framework-espidf/components/esp32/esp_adapter.c:65
??:?

[14.328102800] HEAP: Allocated 218 bytes @ 0x3ffdb25c from task "wifi" on core 0 by: 
/home/ulrich/.platformio/packages/framework-espidf/components/esp32/esp_adapter.c:65
??:?

[14.328254675] HEAP: Allocated 24 bytes @ 0x3ffdb34c from task "wifi" on core 0 by: 
/home/ulrich/.platformio/packages/framework-espidf/components/lwip/lwip/src/core/mem.c:237
/home/ulrich/.platformio/packages/framework-espidf/components/lwip/lwip/src/core/memp.c:254

[14.328297725] HEAP: Allocated 16 bytes @ 0x3ffdb378 from task "wifi" on core 0 by: 
/home/ulrich/.platformio/packages/framework-espidf/components/lwip/lwip/src/core/mem.c:237
/home/ulrich/.platformio/packages/framework-espidf/components/lwip/lwip/src/core/memp.c:254

[14.328383500] HEAP: Allocated 24 bytes @ 0x3ffdb39c from task "wifi" on core 0 by: 
/home/ulrich/.platformio/packages/framework-espidf/components/lwip/lwip/src/core/mem.c:237
/home/ulrich/.platformio/packages/framework-espidf/components/lwip/lwip/src/core/memp.c:254

[14.328422400] HEAP: Allocated 16 bytes @ 0x3ffdb3c8 from task "wifi" on core 0 by: 
/home/ulrich/.platformio/packages/framework-espidf/components/lwip/lwip/src/core/mem.c:237
/home/ulrich/.platformio/packages/framework-espidf/components/lwip/lwip/src/core/memp.c:254

[14.903933425] HEAP: Allocated 1696 bytes @ 0x3ffdb3ec from task "wifi" on core 0 by: 
/home/ulrich/.platformio/packages/framework-espidf/components/esp32/esp_adapter.c:65
??:?

[14.904087125] HEAP: Allocated 24 bytes @ 0x3ffdbaa0 from task "wifi" on core 0 by: 
/home/ulrich/.platformio/packages/framework-espidf/components/lwip/lwip/src/core/mem.c:237
/home/ulrich/.platformio/packages/framework-espidf/components/lwip/lwip/src/core/memp.c:254

[14.904132050] HEAP: Allocated 16 bytes @ 0x3ffdbacc from task "wifi" on core 0 by: 
/home/ulrich/.platformio/packages/framework-espidf/components/lwip/lwip/src/core/mem.c:237
/home/ulrich/.platformio/packages/framework-espidf/components/lwip/lwip/src/core/memp.c:254

[15.351990825] HEAP: Allocated 218 bytes @ 0x3ffdbaf0 from task "wifi" on core 0 by: 
/home/ulrich/.platformio/packages/framework-espidf/components/esp32/esp_adapter.c:65
??:?

[15.352065800] HEAP: Allocated 218 bytes @ 0x3ffdbbe0 from task "wifi" on core 0 by: 
/home/ulrich/.platformio/packages/framework-espidf/components/esp32/esp_adapter.c:65
??:?

[15.352213675] HEAP: Allocated 24 bytes @ 0x3ffdbcd0 from task "wifi" on core 0 by: 
/home/ulrich/.platformio/packages/framework-espidf/components/lwip/lwip/src/core/mem.c:237
/home/ulrich/.platformio/packages/framework-espidf/components/lwip/lwip/src/core/memp.c:254

[15.352256525] HEAP: Allocated 16 bytes @ 0x3ffdbcfc from task "wifi" on core 0 by: 
/home/ulrich/.platformio/packages/framework-espidf/components/lwip/lwip/src/core/mem.c:237
/home/ulrich/.platformio/packages/framework-espidf/components/lwip/lwip/src/core/memp.c:254

[15.352340225] HEAP: Allocated 24 bytes @ 0x3ffdbd20 from task "wifi" on core 0 by: 
/home/ulrich/.platformio/packages/framework-espidf/components/lwip/lwip/src/core/mem.c:237
/home/ulrich/.platformio/packages/framework-espidf/components/lwip/lwip/src/core/memp.c:254

[15.352381225] HEAP: Allocated 16 bytes @ 0x3ffdbd4c from task "wifi" on core 0 by: 
/home/ulrich/.platformio/packages/framework-espidf/components/lwip/lwip/src/core/mem.c:237
/home/ulrich/.platformio/packages/framework-espidf/components/lwip/lwip/src/core/memp.c:254

[15.879983825] HEAP: Allocated 243 bytes @ 0x3ffdbd70 from task "wifi" on core 0 by: 
/home/ulrich/.platformio/packages/framework-espidf/components/esp32/esp_adapter.c:65
??:?

[15.880059575] HEAP: Allocated 243 bytes @ 0x3ffdbe78 from task "wifi" on core 0 by: 
/home/ulrich/.platformio/packages/framework-espidf/components/esp32/esp_adapter.c:65
??:?

[15.880207475] HEAP: Allocated 24 bytes @ 0x3ffdbf80 from task "wifi" on core 0 by: 
/home/ulrich/.platformio/packages/framework-espidf/components/lwip/lwip/src/core/mem.c:237
/home/ulrich/.platformio/packages/framework-espidf/components/lwip/lwip/src/core/memp.c:254

[15.880250400] HEAP: Allocated 16 bytes @ 0x3ffdbfac from task "wifi" on core 0 by: 
/home/ulrich/.platformio/packages/framework-espidf/components/lwip/lwip/src/core/mem.c:237
/home/ulrich/.platformio/packages/framework-espidf/components/lwip/lwip/src/core/memp.c:254

[15.880334050] HEAP: Allocated 24 bytes @ 0x3ffdbfd0 from task "wifi" on core 0 by: 
/home/ulrich/.platformio/packages/framework-espidf/components/lwip/lwip/src/core/mem.c:237
/home/ulrich/.platformio/packages/framework-espidf/components/lwip/lwip/src/core/memp.c:254

[15.880374575] HEAP: Allocated 16 bytes @ 0x3ffdbffc from task "wifi" on core 0 by: 
/home/ulrich/.platformio/packages/framework-espidf/components/lwip/lwip/src/core/mem.c:237
/home/ulrich/.platformio/packages/framework-espidf/components/lwip/lwip/src/core/memp.c:254

[15.926826750] HEAP: Allocated 1696 bytes @ 0x3ffdc020 from task "wifi" on core 0 by: 
/home/ulrich/.platformio/packages/framework-espidf/components/esp32/esp_adapter.c:65
??:?

[15.926985500] HEAP: Allocated 24 bytes @ 0x3ffdc6d4 from task "wifi" on core 0 by: 
/home/ulrich/.platformio/packages/framework-espidf/components/lwip/lwip/src/core/mem.c:237
/home/ulrich/.platformio/packages/framework-espidf/components/lwip/lwip/src/core/memp.c:254

[15.927028400] HEAP: Allocated 16 bytes @ 0x3ffdc700 from task "wifi" on core 0 by: 
/home/ulrich/.platformio/packages/framework-espidf/components/lwip/lwip/src/core/mem.c:237
/home/ulrich/.platformio/packages/framework-espidf/components/lwip/lwip/src/core/memp.c:254

[16.952010275] HEAP: Allocated 1696 bytes @ 0x3ffdc724 from task "wifi" on core 0 by: 
/home/ulrich/.platformio/packages/framework-espidf/components/esp32/esp_adapter.c:65
??:?

[16.952217375] HEAP: Allocated 24 bytes @ 0x3ffdcdd8 from task "wifi" on core 0 by: 
/home/ulrich/.platformio/packages/framework-espidf/components/lwip/lwip/src/core/mem.c:237
/home/ulrich/.platformio/packages/framework-espidf/components/lwip/lwip/src/core/memp.c:254

[16.952276150] HEAP: Allocated 16 bytes @ 0x3ffdce04 from task "wifi" on core 0 by: 
/home/ulrich/.platformio/packages/framework-espidf/components/lwip/lwip/src/core/mem.c:237
/home/ulrich/.platformio/packages/framework-espidf/components/lwip/lwip/src/core/memp.c:254

[17.976094550] HEAP: Allocated 1696 bytes @ 0x3ffdce28 from task "wifi" on core 0 by: 
/home/ulrich/.platformio/packages/framework-espidf/components/esp32/esp_adapter.c:65
??:?

[17.976256125] HEAP: Allocated 24 bytes @ 0x3ffdd4dc from task "wifi" on core 0 by: 
/home/ulrich/.platformio/packages/framework-espidf/components/lwip/lwip/src/core/mem.c:237
/home/ulrich/.platformio/packages/framework-espidf/components/lwip/lwip/src/core/memp.c:254

[17.976298975] HEAP: Allocated 16 bytes @ 0x3ffdd508 from task "wifi" on core 0 by: 
/home/ulrich/.platformio/packages/framework-espidf/components/lwip/lwip/src/core/mem.c:237
/home/ulrich/.platformio/packages/framework-espidf/components/lwip/lwip/src/core/memp.c:254

[19.000247575] HEAP: Allocated 218 bytes @ 0x3ffdd52c from task "wifi" on core 0 by: 
/home/ulrich/.platformio/packages/framework-espidf/components/esp32/esp_adapter.c:65
??:?

[19.000323100] HEAP: Allocated 238 bytes @ 0x3ffdd61c from task "wifi" on core 0 by: 
/home/ulrich/.platformio/packages/framework-espidf/components/esp32/esp_adapter.c:65
??:?

[19.000390225] HEAP: Allocated 238 bytes @ 0x3ffdd720 from task "wifi" on core 0 by: 
/home/ulrich/.platformio/packages/framework-espidf/components/esp32/esp_adapter.c:65
??:?

[19.000545525] HEAP: Allocated 24 bytes @ 0x3ffdd824 from task "wifi" on core 0 by: 
/home/ulrich/.platformio/packages/framework-espidf/components/lwip/lwip/src/core/mem.c:237
/home/ulrich/.platformio/packages/framework-espidf/components/lwip/lwip/src/core/memp.c:254

[19.000588450] HEAP: Allocated 16 bytes @ 0x3ffdd850 from task "wifi" on core 0 by: 
/home/ulrich/.platformio/packages/framework-espidf/components/lwip/lwip/src/core/mem.c:237
/home/ulrich/.platformio/packages/framework-espidf/components/lwip/lwip/src/core/memp.c:254

[19.000672125] HEAP: Allocated 24 bytes @ 0x3ffdd874 from task "wifi" on core 0 by: 
/home/ulrich/.platformio/packages/framework-espidf/components/lwip/lwip/src/core/mem.c:237
/home/ulrich/.platformio/packages/framework-espidf/components/lwip/lwip/src/core/memp.c:254

[19.000712625] HEAP: Allocated 16 bytes @ 0x3ffdd8a0 from task "wifi" on core 0 by: 
/home/ulrich/.platformio/packages/framework-espidf/components/lwip/lwip/src/core/mem.c:237
/home/ulrich/.platformio/packages/framework-espidf/components/lwip/lwip/src/core/memp.c:254

[19.000788525] HEAP: Allocated 24 bytes @ 0x3ffdd8c4 from task "wifi" on core 0 by: 
/home/ulrich/.platformio/packages/framework-espidf/components/lwip/lwip/src/core/mem.c:237
/home/ulrich/.platformio/packages/framework-espidf/components/lwip/lwip/src/core/memp.c:254

[19.000827525] HEAP: Allocated 16 bytes @ 0x3ffdd8f0 from task "wifi" on core 0 by: 
/home/ulrich/.platformio/packages/framework-espidf/components/lwip/lwip/src/core/mem.c:237
/home/ulrich/.platformio/packages/framework-espidf/components/lwip/lwip/src/core/memp.c:254

[19.251872750] HEAP: Allocated 238 bytes @ 0x3ffdd914 from task "wifi" on core 0 by: 
/home/ulrich/.platformio/packages/framework-espidf/components/esp32/esp_adapter.c:65
??:?

[19.251954250] HEAP: Allocated 238 bytes @ 0x3ffdda18 from task "wifi" on core 0 by: 
/home/ulrich/.platformio/packages/framework-espidf/components/esp32/esp_adapter.c:65
??:?

[19.252115425] HEAP: Allocated 24 bytes @ 0x3ffddb1c from task "wifi" on core 0 by: 
/home/ulrich/.platformio/packages/framework-espidf/components/lwip/lwip/src/core/mem.c:237
/home/ulrich/.platformio/packages/framework-espidf/components/lwip/lwip/src/core/memp.c:254

[19.252158275] HEAP: Allocated 16 bytes @ 0x3ffddb48 from task "wifi" on core 0 by: 
/home/ulrich/.platformio/packages/framework-espidf/components/lwip/lwip/src/core/mem.c:237
/home/ulrich/.platformio/packages/framework-espidf/components/lwip/lwip/src/core/memp.c:254

[19.252244025] HEAP: Allocated 24 bytes @ 0x3ffddb6c from task "wifi" on core 0 by: 
/home/ulrich/.platformio/packages/framework-espidf/components/lwip/lwip/src/core/mem.c:237
/home/ulrich/.platformio/packages/framework-espidf/components/lwip/lwip/src/core/memp.c:254

[19.252283000] HEAP: Allocated 16 bytes @ 0x3ffddb98 from task "wifi" on core 0 by: 
/home/ulrich/.platformio/packages/framework-espidf/components/lwip/lwip/src/core/mem.c:237
/home/ulrich/.platformio/packages/framework-espidf/components/lwip/lwip/src/core/memp.c:254

[20.024185050] HEAP: Allocated 238 bytes @ 0x3ffddbbc from task "wifi" on core 0 by: 
/home/ulrich/.platformio/packages/framework-espidf/components/esp32/esp_adapter.c:65
??:?

[20.024260550] HEAP: Allocated 238 bytes @ 0x3ffddcc0 from task "wifi" on core 0 by: 
/home/ulrich/.platformio/packages/framework-espidf/components/esp32/esp_adapter.c:65
??:?

[20.024416175] HEAP: Allocated 24 bytes @ 0x3ffdddc4 from task "wifi" on core 0 by: 
/home/ulrich/.platformio/packages/framework-espidf/components/lwip/lwip/src/core/mem.c:237
/home/ulrich/.platformio/packages/framework-espidf/components/lwip/lwip/src/core/memp.c:254

[20.024459100] HEAP: Allocated 16 bytes @ 0x3ffdddf0 from task "wifi" on core 0 by: 
/home/ulrich/.platformio/packages/framework-espidf/components/lwip/lwip/src/core/mem.c:237
/home/ulrich/.platformio/packages/framework-espidf/components/lwip/lwip/src/core/memp.c:254

[20.024542775] HEAP: Allocated 24 bytes @ 0x3ffdde14 from task "wifi" on core 0 by: 
/home/ulrich/.platformio/packages/framework-espidf/components/lwip/lwip/src/core/mem.c:237
/home/ulrich/.platformio/packages/framework-espidf/components/lwip/lwip/src/core/memp.c:254

[20.024583675] HEAP: Allocated 16 bytes @ 0x3ffdde40 from task "wifi" on core 0 by: 
/home/ulrich/.platformio/packages/framework-espidf/components/lwip/lwip/src/core/mem.c:237
/home/ulrich/.platformio/packages/framework-espidf/components/lwip/lwip/src/core/memp.c:254

[20.279983675] HEAP: Allocated 238 bytes @ 0x3ffdde64 from task "wifi" on core 0 by: 
/home/ulrich/.platformio/packages/framework-espidf/components/esp32/esp_adapter.c:65
??:?

[20.280063225] HEAP: Allocated 238 bytes @ 0x3ffddf68 from task "wifi" on core 0 by: 
/home/ulrich/.platformio/packages/framework-espidf/components/esp32/esp_adapter.c:65
??:?

[20.280211050] HEAP: Allocated 24 bytes @ 0x3ffde06c from task "wifi" on core 0 by: 
/home/ulrich/.platformio/packages/framework-espidf/components/lwip/lwip/src/core/mem.c:237
/home/ulrich/.platformio/packages/framework-espidf/components/lwip/lwip/src/core/memp.c:254

[20.280253875] HEAP: Allocated 16 bytes @ 0x3ffde098 from task "wifi" on core 0 by: 
/home/ulrich/.platformio/packages/framework-espidf/components/lwip/lwip/src/core/mem.c:237
/home/ulrich/.platformio/packages/framework-espidf/components/lwip/lwip/src/core/memp.c:254

[20.280337600] HEAP: Allocated 24 bytes @ 0x3ffde0bc from task "wifi" on core 0 by: 
/home/ulrich/.platformio/packages/framework-espidf/components/lwip/lwip/src/core/mem.c:237
/home/ulrich/.platformio/packages/framework-espidf/components/lwip/lwip/src/core/memp.c:254

[20.280378575] HEAP: Allocated 16 bytes @ 0x3ffde0e8 from task "wifi" on core 0 by: 
/home/ulrich/.platformio/packages/framework-espidf/components/lwip/lwip/src/core/mem.c:237
/home/ulrich/.platformio/packages/framework-espidf/components/lwip/lwip/src/core/memp.c:254

[21.107712400] HEAP: Allocated 243 bytes @ 0x3ffde10c from task "wifi" on core 0 by: 
/home/ulrich/.platformio/packages/framework-espidf/components/esp32/esp_adapter.c:65
??:?

[21.107893775] HEAP: Allocated 24 bytes @ 0x3ffde214 from task "wifi" on core 0 by: 
/home/ulrich/.platformio/packages/framework-espidf/components/lwip/lwip/src/core/mem.c:237
/home/ulrich/.platformio/packages/framework-espidf/components/lwip/lwip/src/core/memp.c:254

[21.107936625] HEAP: Allocated 16 bytes @ 0x3ffde240 from task "wifi" on core 0 by: 
/home/ulrich/.platformio/packages/framework-espidf/components/lwip/lwip/src/core/mem.c:237
/home/ulrich/.platformio/packages/framework-espidf/components/lwip/lwip/src/core/memp.c:254

Found 27726 leaked bytes in 107 blocks.
