Parse trace from '/tmp/heap.svdat'...
Stop parsing trace. (Timeout 0.000000 sec while reading 1 bytes!)
Parse trace from '/tmp/heap2.svdat'...
Stop parsing trace. (Timeout 0.000000 sec while reading 1 bytes!)
Process events from '['/tmp/heap.svdat', '/tmp/heap2.svdat']'...
Failed to process trace (Duplicate alloc @ 0x3ffd4664!
                                              New alloc is 16 bytes,
                                              previous is 36 bytes.)!
Processed 5096 events
=============== HEAP TRACE REPORT ===============
Processed 24 heap events.
[0.642408475] HEAP: Allocated 304 bytes @ 0x3ffd549c from task "async_tcp" on core 0 by: 
/builds/idf/crosstool-NG/.build/xtensa-esp32-elf/src/gcc/libstdc++-v3/libsupc++/new_op.cc:50
/home/ulrich/mysrc/esp32/esp_ajax_if/lib/ESPAsyncWebServer/src/WebServer.cpp:49
/home/ulrich/.platformio/packages/toolchain-xtensa32/xtensa-esp32-elf/include/c++/8.2.0/bits/std_function.h:688
/home/ulrich/mysrc/esp32/esp_ajax_if/lib/AsyncTCP/src/AsyncTCP.cpp:1334
/home/ulrich/mysrc/esp32/esp_ajax_if/lib/AsyncTCP/src/AsyncTCP.cpp:1357
/home/ulrich/mysrc/esp32/esp_ajax_if/lib/AsyncTCP/src/AsyncTCP.cpp:180

[0.642443550] HEAP: Allocated 16 bytes @ 0x3ffd5304 from task "async_tcp" on core 0 by: 
/builds/idf/crosstool-NG/.build/xtensa-esp32-elf/src/gcc/libstdc++-v3/libsupc++/new_op.cc:50
/home/ulrich/.platformio/packages/toolchain-xtensa32/xtensa-esp32-elf/include/c++/8.2.0/bits/allocated_ptr.h:53
/home/ulrich/.platformio/packages/toolchain-xtensa32/xtensa-esp32-elf/include/c++/8.2.0/bits/allocated_ptr.h:85
/home/ulrich/mysrc/esp32/esp_ajax_if/lib/ESPAsyncWebServer/src/WebServer.cpp:50
/home/ulrich/.platformio/packages/toolchain-xtensa32/xtensa-esp32-elf/include/c++/8.2.0/bits/std_function.h:688
/home/ulrich/mysrc/esp32/esp_ajax_if/lib/AsyncTCP/src/AsyncTCP.cpp:1334

[0.642508275] HEAP: Allocated 8 bytes @ 0x3ffd4eac from task "async_tcp" on core 0 by: 
/builds/idf/crosstool-NG/.build/xtensa-esp32-elf/src/gcc/libstdc++-v3/libsupc++/new_op.cc:50
/home/ulrich/.platformio/packages/toolchain-xtensa32/xtensa-esp32-elf/include/c++/8.2.0/bits/shared_ptr_base.h:1143
/home/ulrich/.platformio/packages/toolchain-xtensa32/xtensa-esp32-elf/include/c++/8.2.0/bits/std_function.h:659
/home/ulrich/.platformio/packages/toolchain-xtensa32/xtensa-esp32-elf/include/c++/8.2.0/bits/move.h:193
/home/ulrich/.platformio/packages/toolchain-xtensa32/xtensa-esp32-elf/include/c++/8.2.0/bits/std_function.h:256
/home/ulrich/mysrc/esp32/esp_ajax_if/lib/ESPAsyncWebServer/src/WebServer.cpp:50

[0.642616250] HEAP: Allocated 12 bytes @ 0x3ffd4ec8 from task "async_tcp" on core 0 by: 
/home/ulrich/.platformio/packages/framework-espidf/components/esp32/task_wdt.c:270
/home/ulrich/mysrc/esp32/esp_ajax_if/lib/AsyncTCP/src/AsyncTCP.cpp:193
/home/ulrich/.platformio/packages/framework-espidf/components/freertos/port.c:145
??:0
??:0
??:0

[0.642658050] HEAP: Allocated 36 bytes @ 0x3ffd4664 from task "async_tcp" on core 0 by: 
/home/ulrich/mysrc/esp32/esp_ajax_if/lib/AsyncTCP/src/AsyncTCP.cpp:234
/home/ulrich/.platformio/packages/toolchain-xtensa32/xtensa-esp32-elf/include/c++/8.2.0/bits/std_function.h:260
/home/ulrich/mysrc/esp32/esp_ajax_if/lib/AsyncTCP/src/AsyncTCP.cpp:1215
/home/ulrich/mysrc/esp32/esp_ajax_if/lib/AsyncTCP/src/AsyncTCP.cpp:165
/home/ulrich/mysrc/esp32/esp_ajax_if/lib/AsyncTCP/src/AsyncTCP.cpp:199
/home/ulrich/.platformio/packages/framework-espidf/components/freertos/port.c:145

Possible wrong free operation found
[0.642553175] HEAP: Freed bytes @ 0x3ffd4688 from task "async_tcp" on core 0 by: 
/home/ulrich/mysrc/esp32/esp_ajax_if/lib/AsyncTCP/src/AsyncTCP.cpp:186
/home/ulrich/mysrc/esp32/esp_ajax_if/lib/AsyncTCP/src/AsyncTCP.cpp:199
/home/ulrich/.platformio/packages/framework-espidf/components/freertos/port.c:145
??:0
??:0
??:0

[0.855196600] HEAP: Allocated 36 bytes @ 0x3ffd43c0 from task "tiT" on core 1 by: 
/home/ulrich/mysrc/esp32/esp_ajax_if/lib/AsyncTCP/src/AsyncTCP.cpp:258
/home/ulrich/.platformio/packages/framework-espidf/components/lwip/lwip/src/core/tcp.c:1425 (discriminator 1)
/home/ulrich/.platformio/packages/framework-espidf/components/lwip/lwip/src/core/tcp.c:244
/home/ulrich/.platformio/packages/framework-espidf/components/lwip/lwip/src/core/timeouts.c:161
/home/ulrich/.platformio/packages/framework-espidf/components/lwip/lwip/src/core/timeouts.c:400
/home/ulrich/.platformio/packages/framework-espidf/components/lwip/lwip/src/api/tcpip.c:117

[0.855257275] HEAP: Allocated 36 bytes @ 0x3ffd4f98 from task "tiT" on core 1 by: 
/home/ulrich/mysrc/esp32/esp_ajax_if/lib/AsyncTCP/src/AsyncTCP.cpp:258
/home/ulrich/.platformio/packages/framework-espidf/components/lwip/lwip/src/core/tcp.c:1425 (discriminator 1)
/home/ulrich/.platformio/packages/framework-espidf/components/lwip/lwip/src/core/tcp.c:244
/home/ulrich/.platformio/packages/framework-espidf/components/lwip/lwip/src/core/timeouts.c:161
/home/ulrich/.platformio/packages/framework-espidf/components/lwip/lwip/src/core/timeouts.c:400
/home/ulrich/.platformio/packages/framework-espidf/components/lwip/lwip/src/api/tcpip.c:117

[0.855299425] HEAP: Allocated 36 bytes @ 0x3ffd4fd0 from task "tiT" on core 1 by: 
/home/ulrich/mysrc/esp32/esp_ajax_if/lib/AsyncTCP/src/AsyncTCP.cpp:258
/home/ulrich/.platformio/packages/framework-espidf/components/lwip/lwip/src/core/tcp.c:1425 (discriminator 1)
/home/ulrich/.platformio/packages/framework-espidf/components/lwip/lwip/src/core/tcp.c:244
/home/ulrich/.platformio/packages/framework-espidf/components/lwip/lwip/src/core/timeouts.c:161
/home/ulrich/.platformio/packages/framework-espidf/components/lwip/lwip/src/core/timeouts.c:400
/home/ulrich/.platformio/packages/framework-espidf/components/lwip/lwip/src/api/tcpip.c:117

Found 484 leaked bytes in 8 blocks.
=============== LOG TRACE REPORT ===============
Processed 0 log messages.
