Parse trace from '/tmp/heap.svdat'...
Stop parsing trace. (Timeout 0.000000 sec while reading 1 bytes!)
Process events from '['/tmp/heap.svdat']'...
Failed to process trace (Duplicate alloc @ 0x3ffd4418!
                                              New alloc is 8 bytes,
                                              previous is 8 bytes.)!
Processed 2929 events
=============== HEAP TRACE REPORT ===============
Processed 175 heap events.
[0.520950400] HEAP: Allocated 304 bytes @ 0x3ffd5258 from task "async_tcp" on core 0 by: 
/builds/idf/crosstool-NG/.build/xtensa-esp32-elf/src/gcc/libstdc++-v3/libsupc++/new_op.cc:50
/home/ulrich/mysrc/esp32/esp_ajax_if/lib/ESPAsyncWebServer/src/WebServer.cpp:49
/home/ulrich/.platformio/packages/toolchain-xtensa32/xtensa-esp32-elf/include/c++/8.2.0/bits/std_function.h:688
/home/ulrich/mysrc/esp32/esp_ajax_if/lib/AsyncTCP/src/AsyncTCP.cpp:1335
/home/ulrich/mysrc/esp32/esp_ajax_if/lib/AsyncTCP/src/AsyncTCP.cpp:1358
/home/ulrich/mysrc/esp32/esp_ajax_if/lib/AsyncTCP/src/AsyncTCP.cpp:181

[0.521008325] HEAP: Allocated 16 bytes @ 0x3ffd57d4 from task "async_tcp" on core 0 by: 
/builds/idf/crosstool-NG/.build/xtensa-esp32-elf/src/gcc/libstdc++-v3/libsupc++/new_op.cc:50
/home/ulrich/.platformio/packages/toolchain-xtensa32/xtensa-esp32-elf/include/c++/8.2.0/bits/allocated_ptr.h:53
/home/ulrich/.platformio/packages/toolchain-xtensa32/xtensa-esp32-elf/include/c++/8.2.0/bits/allocated_ptr.h:85
/home/ulrich/mysrc/esp32/esp_ajax_if/lib/ESPAsyncWebServer/src/WebServer.cpp:50
/home/ulrich/.platformio/packages/toolchain-xtensa32/xtensa-esp32-elf/include/c++/8.2.0/bits/std_function.h:688
/home/ulrich/mysrc/esp32/esp_ajax_if/lib/AsyncTCP/src/AsyncTCP.cpp:1335

[0.521074725] HEAP: Allocated 8 bytes @ 0x3ffd4434 from task "async_tcp" on core 0 by: 
/builds/idf/crosstool-NG/.build/xtensa-esp32-elf/src/gcc/libstdc++-v3/libsupc++/new_op.cc:50
/home/ulrich/.platformio/packages/toolchain-xtensa32/xtensa-esp32-elf/include/c++/8.2.0/bits/shared_ptr_base.h:1143
/home/ulrich/.platformio/packages/toolchain-xtensa32/xtensa-esp32-elf/include/c++/8.2.0/bits/std_function.h:659
/home/ulrich/.platformio/packages/toolchain-xtensa32/xtensa-esp32-elf/include/c++/8.2.0/bits/move.h:193
/home/ulrich/.platformio/packages/toolchain-xtensa32/xtensa-esp32-elf/include/c++/8.2.0/bits/std_function.h:256
/home/ulrich/mysrc/esp32/esp_ajax_if/lib/ESPAsyncWebServer/src/WebServer.cpp:50

[0.521194275] HEAP: Allocated 12 bytes @ 0x3ffd44a4 from task "async_tcp" on core 0 by: 
/home/ulrich/.platformio/packages/framework-espidf/components/esp32/task_wdt.c:270
/home/ulrich/mysrc/esp32/esp_ajax_if/lib/AsyncTCP/src/AsyncTCP.cpp:194
/home/ulrich/.platformio/packages/framework-espidf/components/freertos/port.c:145
??:0
??:0
??:0

[0.521654500] HEAP: Allocated 32 bytes @ 0x3ffd4b58 from task "async_tcp" on core 0 by: 
/home/ulrich/.platformio/packages/framework-arduinoespressif32/cores/esp32/WString.cpp:183 (discriminator 4)
/home/ulrich/.platformio/packages/framework-arduinoespressif32/cores/esp32/WString.cpp:147 (discriminator 4)
/home/ulrich/mysrc/esp32/esp_ajax_if/lib/ESPAsyncWebServer/src/WebRequest.cpp:1060
/home/ulrich/mysrc/esp32/esp_ajax_if/lib/ESPAsyncWebServer/src/WebRequest.cpp:380
/home/ulrich/mysrc/esp32/esp_ajax_if/lib/ESPAsyncWebServer/src/WebRequest.cpp:657
/home/ulrich/mysrc/esp32/esp_ajax_if/lib/ESPAsyncWebServer/src/WebRequest.cpp:162

[0.521940100] HEAP: Allocated 16 bytes @ 0x3ffd4014 from task "async_tcp" on core 0 by: 
/home/ulrich/.platformio/packages/framework-arduinoespressif32/cores/esp32/WString.cpp:183 (discriminator 4)
/home/ulrich/.platformio/packages/framework-arduinoespressif32/cores/esp32/WString.cpp:147 (discriminator 4)
/home/ulrich/.platformio/packages/framework-arduinoespressif32/cores/esp32/WString.cpp:208
/home/ulrich/.platformio/packages/framework-arduinoespressif32/cores/esp32/WString.cpp:263
/home/ulrich/mysrc/esp32/esp_ajax_if/lib/ESPAsyncWebServer/src/WebRequest.cpp:414
/home/ulrich/mysrc/esp32/esp_ajax_if/lib/ESPAsyncWebServer/src/WebRequest.cpp:682

[0.521972400] HEAP: Allocated 24 bytes @ 0x3ffd4038 from task "async_tcp" on core 0 by: 
/builds/idf/crosstool-NG/.build/xtensa-esp32-elf/src/gcc/libstdc++-v3/libsupc++/new_op.cc:50
/home/ulrich/mysrc/esp32/esp_ajax_if/lib/ESPAsyncWebServer/src/WebRequest.cpp:444 (discriminator 1)
/home/ulrich/mysrc/esp32/esp_ajax_if/lib/ESPAsyncWebServer/src/WebRequest.cpp:682
/home/ulrich/mysrc/esp32/esp_ajax_if/lib/ESPAsyncWebServer/src/WebRequest.cpp:162
/home/ulrich/.platformio/packages/toolchain-xtensa32/xtensa-esp32-elf/include/c++/8.2.0/bits/std_function.h:299
/home/ulrich/.platformio/packages/toolchain-xtensa32/xtensa-esp32-elf/include/c++/8.2.0/bits/std_function.h:688

[0.522016250] HEAP: Allocated 16 bytes @ 0x3ffd4064 from task "async_tcp" on core 0 by: 
/home/ulrich/.platformio/packages/framework-arduinoespressif32/cores/esp32/WString.cpp:183 (discriminator 4)
/home/ulrich/.platformio/packages/framework-arduinoespressif32/cores/esp32/WString.cpp:147 (discriminator 4)
/home/ulrich/.platformio/packages/framework-arduinoespressif32/cores/esp32/WString.cpp:208
/home/ulrich/.platformio/packages/framework-arduinoespressif32/cores/esp32/WString.cpp:263
/home/ulrich/.platformio/packages/framework-arduinoespressif32/cores/esp32/WString.cpp:41
/home/ulrich/mysrc/esp32/esp_ajax_if/lib/ESPAsyncWebServer/src/StringArray.h:67 (discriminator 1)

[0.522038675] HEAP: Allocated 8 bytes @ 0x3ffd4418 from task "async_tcp" on core 0 by: 
/builds/idf/crosstool-NG/.build/xtensa-esp32-elf/src/gcc/libstdc++-v3/libsupc++/new_op.cc:50
/home/ulrich/mysrc/esp32/esp_ajax_if/lib/ESPAsyncWebServer/src/StringArray.h:32 (discriminator 1)
/home/ulrich/mysrc/esp32/esp_ajax_if/lib/ESPAsyncWebServer/src/WebRequest.cpp:682
/home/ulrich/mysrc/esp32/esp_ajax_if/lib/ESPAsyncWebServer/src/WebRequest.cpp:162
/home/ulrich/.platformio/packages/toolchain-xtensa32/xtensa-esp32-elf/include/c++/8.2.0/bits/std_function.h:299
/home/ulrich/.platformio/packages/toolchain-xtensa32/xtensa-esp32-elf/include/c++/8.2.0/bits/std_function.h:688

[0.522117050] HEAP: Allocated 96 bytes @ 0x3ffd4f00 from task "async_tcp" on core 0 by: 
/home/ulrich/.platformio/packages/framework-arduinoespressif32/cores/esp32/WString.cpp:183 (discriminator 4)
/home/ulrich/.platformio/packages/framework-arduinoespressif32/cores/esp32/WString.cpp:147 (discriminator 4)
/home/ulrich/.platformio/packages/framework-arduinoespressif32/cores/esp32/WString.cpp:331
/home/ulrich/.platformio/packages/framework-arduinoespressif32/cores/esp32/WString.cpp:346
/home/ulrich/mysrc/esp32/esp_ajax_if/lib/ESPAsyncWebServer/src/WebRequest.cpp:160
/home/ulrich/.platformio/packages/toolchain-xtensa32/xtensa-esp32-elf/include/c++/8.2.0/bits/std_function.h:299

[0.522416250] HEAP: Allocated 24 bytes @ 0x3ffd4088 from task "async_tcp" on core 0 by: 
/builds/idf/crosstool-NG/.build/xtensa-esp32-elf/src/gcc/libstdc++-v3/libsupc++/new_op.cc:50
/home/ulrich/mysrc/esp32/esp_ajax_if/lib/ESPAsyncWebServer/src/WebRequest.cpp:444 (discriminator 1)
/home/ulrich/mysrc/esp32/esp_ajax_if/lib/ESPAsyncWebServer/src/WebRequest.cpp:682
/home/ulrich/mysrc/esp32/esp_ajax_if/lib/ESPAsyncWebServer/src/WebRequest.cpp:162
/home/ulrich/.platformio/packages/toolchain-xtensa32/xtensa-esp32-elf/include/c++/8.2.0/bits/std_function.h:299
/home/ulrich/.platformio/packages/toolchain-xtensa32/xtensa-esp32-elf/include/c++/8.2.0/bits/std_function.h:688

[0.522446875] HEAP: Allocated 16 bytes @ 0x3ffd4f74 from task "async_tcp" on core 0 by: 
/home/ulrich/.platformio/packages/framework-arduinoespressif32/cores/esp32/WString.cpp:183 (discriminator 4)
/home/ulrich/.platformio/packages/framework-arduinoespressif32/cores/esp32/WString.cpp:147 (discriminator 4)
/home/ulrich/.platformio/packages/framework-arduinoespressif32/cores/esp32/WString.cpp:208
/home/ulrich/.platformio/packages/framework-arduinoespressif32/cores/esp32/WString.cpp:263
/home/ulrich/.platformio/packages/framework-arduinoespressif32/cores/esp32/WString.cpp:41
/home/ulrich/mysrc/esp32/esp_ajax_if/lib/ESPAsyncWebServer/src/ESPAsyncWebServer.h:111 (discriminator 1)

[0.522480800] HEAP: Allocated 80 bytes @ 0x3ffd417c from task "async_tcp" on core 0 by: 
/home/ulrich/.platformio/packages/framework-arduinoespressif32/cores/esp32/WString.cpp:183 (discriminator 4)
/home/ulrich/.platformio/packages/framework-arduinoespressif32/cores/esp32/WString.cpp:147 (discriminator 4)
/home/ulrich/.platformio/packages/framework-arduinoespressif32/cores/esp32/WString.cpp:208
/home/ulrich/.platformio/packages/framework-arduinoespressif32/cores/esp32/WString.cpp:263
/home/ulrich/.platformio/packages/framework-arduinoespressif32/cores/esp32/WString.cpp:41
/home/ulrich/mysrc/esp32/esp_ajax_if/lib/ESPAsyncWebServer/src/StringArray.h:67 (discriminator 1)

[0.522507550] HEAP: Allocated 8 bytes @ 0x3ffd4450 from task "async_tcp" on core 0 by: 
/builds/idf/crosstool-NG/.build/xtensa-esp32-elf/src/gcc/libstdc++-v3/libsupc++/new_op.cc:50
/home/ulrich/mysrc/esp32/esp_ajax_if/lib/ESPAsyncWebServer/src/StringArray.h:32 (discriminator 1)
/home/ulrich/mysrc/esp32/esp_ajax_if/lib/ESPAsyncWebServer/src/WebRequest.cpp:682
/home/ulrich/mysrc/esp32/esp_ajax_if/lib/ESPAsyncWebServer/src/WebRequest.cpp:162
/home/ulrich/.platformio/packages/toolchain-xtensa32/xtensa-esp32-elf/include/c++/8.2.0/bits/std_function.h:299
/home/ulrich/.platformio/packages/toolchain-xtensa32/xtensa-esp32-elf/include/c++/8.2.0/bits/std_function.h:688

[0.522883750] HEAP: Allocated 24 bytes @ 0x3ffd41e0 from task "async_tcp" on core 0 by: 
/builds/idf/crosstool-NG/.build/xtensa-esp32-elf/src/gcc/libstdc++-v3/libsupc++/new_op.cc:50
/home/ulrich/mysrc/esp32/esp_ajax_if/lib/ESPAsyncWebServer/src/WebRequest.cpp:444 (discriminator 1)
/home/ulrich/mysrc/esp32/esp_ajax_if/lib/ESPAsyncWebServer/src/WebRequest.cpp:682
/home/ulrich/mysrc/esp32/esp_ajax_if/lib/ESPAsyncWebServer/src/WebRequest.cpp:162
/home/ulrich/.platformio/packages/toolchain-xtensa32/xtensa-esp32-elf/include/c++/8.2.0/bits/std_function.h:299
/home/ulrich/.platformio/packages/toolchain-xtensa32/xtensa-esp32-elf/include/c++/8.2.0/bits/std_function.h:688

[0.522915625] HEAP: Allocated 32 bytes @ 0x3ffd420c from task "async_tcp" on core 0 by: 
/home/ulrich/.platformio/packages/framework-arduinoespressif32/cores/esp32/WString.cpp:183 (discriminator 4)
/home/ulrich/.platformio/packages/framework-arduinoespressif32/cores/esp32/WString.cpp:147 (discriminator 4)
/home/ulrich/.platformio/packages/framework-arduinoespressif32/cores/esp32/WString.cpp:208
/home/ulrich/.platformio/packages/framework-arduinoespressif32/cores/esp32/WString.cpp:263
/home/ulrich/.platformio/packages/framework-arduinoespressif32/cores/esp32/WString.cpp:41
/home/ulrich/mysrc/esp32/esp_ajax_if/lib/ESPAsyncWebServer/src/StringArray.h:67 (discriminator 1)

[0.522939600] HEAP: Allocated 8 bytes @ 0x3ffd5940 from task "async_tcp" on core 0 by: 
/builds/idf/crosstool-NG/.build/xtensa-esp32-elf/src/gcc/libstdc++-v3/libsupc++/new_op.cc:50
/home/ulrich/mysrc/esp32/esp_ajax_if/lib/ESPAsyncWebServer/src/StringArray.h:32 (discriminator 1)
/home/ulrich/mysrc/esp32/esp_ajax_if/lib/ESPAsyncWebServer/src/WebRequest.cpp:682
/home/ulrich/mysrc/esp32/esp_ajax_if/lib/ESPAsyncWebServer/src/WebRequest.cpp:162
/home/ulrich/.platformio/packages/toolchain-xtensa32/xtensa-esp32-elf/include/c++/8.2.0/bits/std_function.h:299
/home/ulrich/.platformio/packages/toolchain-xtensa32/xtensa-esp32-elf/include/c++/8.2.0/bits/std_function.h:688

[0.523219675] HEAP: Allocated 24 bytes @ 0x3ffd5980 from task "async_tcp" on core 0 by: 
/builds/idf/crosstool-NG/.build/xtensa-esp32-elf/src/gcc/libstdc++-v3/libsupc++/new_op.cc:50
/home/ulrich/mysrc/esp32/esp_ajax_if/lib/ESPAsyncWebServer/src/WebRequest.cpp:444 (discriminator 1)
/home/ulrich/mysrc/esp32/esp_ajax_if/lib/ESPAsyncWebServer/src/WebRequest.cpp:682
/home/ulrich/mysrc/esp32/esp_ajax_if/lib/ESPAsyncWebServer/src/WebRequest.cpp:162
/home/ulrich/.platformio/packages/toolchain-xtensa32/xtensa-esp32-elf/include/c++/8.2.0/bits/std_function.h:299
/home/ulrich/.platformio/packages/toolchain-xtensa32/xtensa-esp32-elf/include/c++/8.2.0/bits/std_function.h:688

[0.523250125] HEAP: Allocated 16 bytes @ 0x3ffd539c from task "async_tcp" on core 0 by: 
/home/ulrich/.platformio/packages/framework-arduinoespressif32/cores/esp32/WString.cpp:183 (discriminator 4)
/home/ulrich/.platformio/packages/framework-arduinoespressif32/cores/esp32/WString.cpp:147 (discriminator 4)
/home/ulrich/.platformio/packages/framework-arduinoespressif32/cores/esp32/WString.cpp:208
/home/ulrich/.platformio/packages/framework-arduinoespressif32/cores/esp32/WString.cpp:263
/home/ulrich/.platformio/packages/framework-arduinoespressif32/cores/esp32/WString.cpp:41
/home/ulrich/mysrc/esp32/esp_ajax_if/lib/ESPAsyncWebServer/src/ESPAsyncWebServer.h:111 (discriminator 1)

[0.523282450] HEAP: Allocated 16 bytes @ 0x3ffd53c0 from task "async_tcp" on core 0 by: 
/home/ulrich/.platformio/packages/framework-arduinoespressif32/cores/esp32/WString.cpp:183 (discriminator 4)
/home/ulrich/.platformio/packages/framework-arduinoespressif32/cores/esp32/WString.cpp:147 (discriminator 4)
/home/ulrich/.platformio/packages/framework-arduinoespressif32/cores/esp32/WString.cpp:208
/home/ulrich/.platformio/packages/framework-arduinoespressif32/cores/esp32/WString.cpp:263
/home/ulrich/.platformio/packages/framework-arduinoespressif32/cores/esp32/WString.cpp:41
/home/ulrich/mysrc/esp32/esp_ajax_if/lib/ESPAsyncWebServer/src/StringArray.h:67 (discriminator 1)

[0.523308400] HEAP: Allocated 8 bytes @ 0x3ffd53e4 from task "async_tcp" on core 0 by: 
/builds/idf/crosstool-NG/.build/xtensa-esp32-elf/src/gcc/libstdc++-v3/libsupc++/new_op.cc:50
/home/ulrich/mysrc/esp32/esp_ajax_if/lib/ESPAsyncWebServer/src/StringArray.h:32 (discriminator 1)
/home/ulrich/mysrc/esp32/esp_ajax_if/lib/ESPAsyncWebServer/src/WebRequest.cpp:682
/home/ulrich/mysrc/esp32/esp_ajax_if/lib/ESPAsyncWebServer/src/WebRequest.cpp:162
/home/ulrich/.platformio/packages/toolchain-xtensa32/xtensa-esp32-elf/include/c++/8.2.0/bits/std_function.h:299
/home/ulrich/.platformio/packages/toolchain-xtensa32/xtensa-esp32-elf/include/c++/8.2.0/bits/std_function.h:688

[0.523602525] HEAP: Allocated 24 bytes @ 0x3ffd5400 from task "async_tcp" on core 0 by: 
/builds/idf/crosstool-NG/.build/xtensa-esp32-elf/src/gcc/libstdc++-v3/libsupc++/new_op.cc:50
/home/ulrich/mysrc/esp32/esp_ajax_if/lib/ESPAsyncWebServer/src/WebRequest.cpp:444 (discriminator 1)
/home/ulrich/mysrc/esp32/esp_ajax_if/lib/ESPAsyncWebServer/src/WebRequest.cpp:682
/home/ulrich/mysrc/esp32/esp_ajax_if/lib/ESPAsyncWebServer/src/WebRequest.cpp:162
/home/ulrich/.platformio/packages/toolchain-xtensa32/xtensa-esp32-elf/include/c++/8.2.0/bits/std_function.h:299
/home/ulrich/.platformio/packages/toolchain-xtensa32/xtensa-esp32-elf/include/c++/8.2.0/bits/std_function.h:688

[0.523634550] HEAP: Allocated 16 bytes @ 0x3ffd542c from task "async_tcp" on core 0 by: 
/home/ulrich/.platformio/packages/framework-arduinoespressif32/cores/esp32/WString.cpp:183 (discriminator 4)
/home/ulrich/.platformio/packages/framework-arduinoespressif32/cores/esp32/WString.cpp:147 (discriminator 4)
/home/ulrich/.platformio/packages/framework-arduinoespressif32/cores/esp32/WString.cpp:208
/home/ulrich/.platformio/packages/framework-arduinoespressif32/cores/esp32/WString.cpp:263
/home/ulrich/.platformio/packages/framework-arduinoespressif32/cores/esp32/WString.cpp:41
/home/ulrich/mysrc/esp32/esp_ajax_if/lib/ESPAsyncWebServer/src/ESPAsyncWebServer.h:111 (discriminator 1)

[0.523666650] HEAP: Allocated 16 bytes @ 0x3ffd5450 from task "async_tcp" on core 0 by: 
/home/ulrich/.platformio/packages/framework-arduinoespressif32/cores/esp32/WString.cpp:183 (discriminator 4)
/home/ulrich/.platformio/packages/framework-arduinoespressif32/cores/esp32/WString.cpp:147 (discriminator 4)
/home/ulrich/.platformio/packages/framework-arduinoespressif32/cores/esp32/WString.cpp:208
/home/ulrich/.platformio/packages/framework-arduinoespressif32/cores/esp32/WString.cpp:263
/home/ulrich/.platformio/packages/framework-arduinoespressif32/cores/esp32/WString.cpp:41
/home/ulrich/mysrc/esp32/esp_ajax_if/lib/ESPAsyncWebServer/src/StringArray.h:67 (discriminator 1)

[0.523690650] HEAP: Allocated 8 bytes @ 0x3ffd5474 from task "async_tcp" on core 0 by: 
/builds/idf/crosstool-NG/.build/xtensa-esp32-elf/src/gcc/libstdc++-v3/libsupc++/new_op.cc:50
/home/ulrich/mysrc/esp32/esp_ajax_if/lib/ESPAsyncWebServer/src/StringArray.h:32 (discriminator 1)
/home/ulrich/mysrc/esp32/esp_ajax_if/lib/ESPAsyncWebServer/src/WebRequest.cpp:682
/home/ulrich/mysrc/esp32/esp_ajax_if/lib/ESPAsyncWebServer/src/WebRequest.cpp:162
/home/ulrich/.platformio/packages/toolchain-xtensa32/xtensa-esp32-elf/include/c++/8.2.0/bits/std_function.h:299
/home/ulrich/.platformio/packages/toolchain-xtensa32/xtensa-esp32-elf/include/c++/8.2.0/bits/std_function.h:688

[0.523919175] HEAP: Allocated 24 bytes @ 0x3ffd4f98 from task "async_tcp" on core 0 by: 
/builds/idf/crosstool-NG/.build/xtensa-esp32-elf/src/gcc/libstdc++-v3/libsupc++/new_op.cc:50
/home/ulrich/mysrc/esp32/esp_ajax_if/lib/ESPAsyncWebServer/src/WebRequest.cpp:444 (discriminator 1)
/home/ulrich/mysrc/esp32/esp_ajax_if/lib/ESPAsyncWebServer/src/WebRequest.cpp:682
/home/ulrich/mysrc/esp32/esp_ajax_if/lib/ESPAsyncWebServer/src/WebRequest.cpp:162
/home/ulrich/.platformio/packages/toolchain-xtensa32/xtensa-esp32-elf/include/c++/8.2.0/bits/std_function.h:299
/home/ulrich/.platformio/packages/toolchain-xtensa32/xtensa-esp32-elf/include/c++/8.2.0/bits/std_function.h:688

[0.523948950] HEAP: Allocated 16 bytes @ 0x3ffd595c from task "async_tcp" on core 0 by: 
/home/ulrich/.platformio/packages/framework-arduinoespressif32/cores/esp32/WString.cpp:183 (discriminator 4)
/home/ulrich/.platformio/packages/framework-arduinoespressif32/cores/esp32/WString.cpp:147 (discriminator 4)
/home/ulrich/.platformio/packages/framework-arduinoespressif32/cores/esp32/WString.cpp:208
/home/ulrich/.platformio/packages/framework-arduinoespressif32/cores/esp32/WString.cpp:263
/home/ulrich/.platformio/packages/framework-arduinoespressif32/cores/esp32/WString.cpp:41
/home/ulrich/mysrc/esp32/esp_ajax_if/lib/ESPAsyncWebServer/src/ESPAsyncWebServer.h:111 (discriminator 1)

[0.523982825] HEAP: Allocated 16 bytes @ 0x3ffd5490 from task "async_tcp" on core 0 by: 
/home/ulrich/.platformio/packages/framework-arduinoespressif32/cores/esp32/WString.cpp:183 (discriminator 4)
/home/ulrich/.platformio/packages/framework-arduinoespressif32/cores/esp32/WString.cpp:147 (discriminator 4)
/home/ulrich/.platformio/packages/framework-arduinoespressif32/cores/esp32/WString.cpp:208
/home/ulrich/.platformio/packages/framework-arduinoespressif32/cores/esp32/WString.cpp:263
/home/ulrich/.platformio/packages/framework-arduinoespressif32/cores/esp32/WString.cpp:41
/home/ulrich/mysrc/esp32/esp_ajax_if/lib/ESPAsyncWebServer/src/StringArray.h:67 (discriminator 1)

[0.524005500] HEAP: Allocated 8 bytes @ 0x3ffd54b4 from task "async_tcp" on core 0 by: 
/builds/idf/crosstool-NG/.build/xtensa-esp32-elf/src/gcc/libstdc++-v3/libsupc++/new_op.cc:50
/home/ulrich/mysrc/esp32/esp_ajax_if/lib/ESPAsyncWebServer/src/StringArray.h:32 (discriminator 1)
/home/ulrich/mysrc/esp32/esp_ajax_if/lib/ESPAsyncWebServer/src/WebRequest.cpp:682
/home/ulrich/mysrc/esp32/esp_ajax_if/lib/ESPAsyncWebServer/src/WebRequest.cpp:162
/home/ulrich/.platformio/packages/toolchain-xtensa32/xtensa-esp32-elf/include/c++/8.2.0/bits/std_function.h:299
/home/ulrich/.platformio/packages/toolchain-xtensa32/xtensa-esp32-elf/include/c++/8.2.0/bits/std_function.h:688

[0.524234300] HEAP: Allocated 24 bytes @ 0x3ffd60a4 from task "async_tcp" on core 0 by: 
/builds/idf/crosstool-NG/.build/xtensa-esp32-elf/src/gcc/libstdc++-v3/libsupc++/new_op.cc:50
/home/ulrich/mysrc/esp32/esp_ajax_if/lib/ESPAsyncWebServer/src/WebRequest.cpp:444 (discriminator 1)
/home/ulrich/mysrc/esp32/esp_ajax_if/lib/ESPAsyncWebServer/src/WebRequest.cpp:682
/home/ulrich/mysrc/esp32/esp_ajax_if/lib/ESPAsyncWebServer/src/WebRequest.cpp:162
/home/ulrich/.platformio/packages/toolchain-xtensa32/xtensa-esp32-elf/include/c++/8.2.0/bits/std_function.h:299
/home/ulrich/.platformio/packages/toolchain-xtensa32/xtensa-esp32-elf/include/c++/8.2.0/bits/std_function.h:688

[0.524266300] HEAP: Allocated 32 bytes @ 0x3ffd60d0 from task "async_tcp" on core 0 by: 
/home/ulrich/.platformio/packages/framework-arduinoespressif32/cores/esp32/WString.cpp:183 (discriminator 4)
/home/ulrich/.platformio/packages/framework-arduinoespressif32/cores/esp32/WString.cpp:147 (discriminator 4)
/home/ulrich/.platformio/packages/framework-arduinoespressif32/cores/esp32/WString.cpp:208
/home/ulrich/.platformio/packages/framework-arduinoespressif32/cores/esp32/WString.cpp:263
/home/ulrich/.platformio/packages/framework-arduinoespressif32/cores/esp32/WString.cpp:41
/home/ulrich/mysrc/esp32/esp_ajax_if/lib/ESPAsyncWebServer/src/StringArray.h:67 (discriminator 1)

[0.524290400] HEAP: Allocated 8 bytes @ 0x3ffd6104 from task "async_tcp" on core 0 by: 
/builds/idf/crosstool-NG/.build/xtensa-esp32-elf/src/gcc/libstdc++-v3/libsupc++/new_op.cc:50
/home/ulrich/mysrc/esp32/esp_ajax_if/lib/ESPAsyncWebServer/src/StringArray.h:32 (discriminator 1)
/home/ulrich/mysrc/esp32/esp_ajax_if/lib/ESPAsyncWebServer/src/WebRequest.cpp:682
/home/ulrich/mysrc/esp32/esp_ajax_if/lib/ESPAsyncWebServer/src/WebRequest.cpp:162
/home/ulrich/.platformio/packages/toolchain-xtensa32/xtensa-esp32-elf/include/c++/8.2.0/bits/std_function.h:299
/home/ulrich/.platformio/packages/toolchain-xtensa32/xtensa-esp32-elf/include/c++/8.2.0/bits/std_function.h:688

[0.524418925] HEAP: Allocated 32 bytes @ 0x3ffd6070 from task "async_tcp" on core 0 by: 
/home/ulrich/.platformio/packages/framework-arduinoespressif32/cores/esp32/WString.cpp:183 (discriminator 4)
/home/ulrich/.platformio/packages/framework-arduinoespressif32/cores/esp32/WString.cpp:147 (discriminator 4)
/home/ulrich/.platformio/packages/framework-arduinoespressif32/cores/esp32/WString.cpp:208
/home/ulrich/.platformio/packages/framework-arduinoespressif32/cores/esp32/WString.cpp:286
/home/ulrich/.platformio/packages/framework-arduinoespressif32/cores/esp32/WString.h:300
/home/ulrich/mysrc/esp32/esp_ajax_if/lib/ESPAsyncWebServer/src/WebHandlers.cpp:111

[0.524600550] HEAP: Allocated 32 bytes @ 0x3ffd6154 from task "async_tcp" on core 0 by: 
/home/ulrich/.platformio/packages/framework-arduinoespressif32/cores/esp32/WString.cpp:183 (discriminator 4)
/home/ulrich/.platformio/packages/framework-arduinoespressif32/cores/esp32/WString.cpp:147 (discriminator 4)
/home/ulrich/.platformio/packages/framework-arduinoespressif32/cores/esp32/WString.cpp:208
/home/ulrich/.platformio/packages/framework-arduinoespressif32/cores/esp32/WString.cpp:263
/home/ulrich/.platformio/packages/framework-arduinoespressif32/cores/esp32/WString.cpp:41
/home/ulrich/.platformio/packages/framework-arduinoespressif32/cores/esp32/WString.h:325

[0.524690925] HEAP: Allocated 32 bytes @ 0x3ffd6120 from task "async_tcp" on core 0 by: 
/home/ulrich/.platformio/packages/framework-arduinoespressif32/libraries/FS/src/vfs_api.cpp:31
/home/ulrich/.platformio/packages/framework-arduinoespressif32/cores/esp32/Print.h:47
/home/ulrich/.platformio/packages/framework-arduinoespressif32/libraries/FS/src/FS.cpp:183
/home/ulrich/.platformio/packages/framework-arduinoespressif32/cores/esp32/Print.h:34
/home/ulrich/mysrc/esp32/esp_ajax_if/lib/ESPAsyncWebServer/src/WebHandlers.cpp:116 (discriminator 1)
/home/ulrich/mysrc/esp32/esp_ajax_if/lib/ESPAsyncWebServer/src/WebHandlers.cpp:90

[0.755306225] HEAP: Allocated 36 bytes @ 0x3ffd62d0 from IRQ "FROM_CPU0" on core 0 by: 
/home/ulrich/mysrc/esp32/esp_ajax_if/lib/AsyncTCP/src/AsyncTCP.cpp:259
/home/ulrich/.platformio/packages/framework-espidf/components/lwip/lwip/src/core/tcp.c:1425 (discriminator 1)
/home/ulrich/.platformio/packages/framework-espidf/components/lwip/lwip/src/core/tcp.c:244
/home/ulrich/.platformio/packages/framework-espidf/components/lwip/lwip/src/core/timeouts.c:161
/home/ulrich/.platformio/packages/framework-espidf/components/lwip/lwip/src/core/timeouts.c:400
/home/ulrich/.platformio/packages/framework-espidf/components/lwip/lwip/src/api/tcpip.c:117

[0.755357650] HEAP: Allocated 36 bytes @ 0x3ffd6308 from IRQ "FROM_CPU0" on core 0 by: 
/home/ulrich/mysrc/esp32/esp_ajax_if/lib/AsyncTCP/src/AsyncTCP.cpp:259
/home/ulrich/.platformio/packages/framework-espidf/components/lwip/lwip/src/core/tcp.c:1425 (discriminator 1)
/home/ulrich/.platformio/packages/framework-espidf/components/lwip/lwip/src/core/tcp.c:244
/home/ulrich/.platformio/packages/framework-espidf/components/lwip/lwip/src/core/timeouts.c:161
/home/ulrich/.platformio/packages/framework-espidf/components/lwip/lwip/src/core/timeouts.c:400
/home/ulrich/.platformio/packages/framework-espidf/components/lwip/lwip/src/api/tcpip.c:117

[0.755389275] HEAP: Allocated 36 bytes @ 0x3ffd6340 from IRQ "FROM_CPU0" on core 0 by: 
/home/ulrich/mysrc/esp32/esp_ajax_if/lib/AsyncTCP/src/AsyncTCP.cpp:259
/home/ulrich/.platformio/packages/framework-espidf/components/lwip/lwip/src/core/tcp.c:1425 (discriminator 1)
/home/ulrich/.platformio/packages/framework-espidf/components/lwip/lwip/src/core/tcp.c:244
/home/ulrich/.platformio/packages/framework-espidf/components/lwip/lwip/src/core/timeouts.c:161
/home/ulrich/.platformio/packages/framework-espidf/components/lwip/lwip/src/core/timeouts.c:400
/home/ulrich/.platformio/packages/framework-espidf/components/lwip/lwip/src/api/tcpip.c:117

[0.755454450] HEAP: Allocated 16 bytes @ 0x3ffd45d4 from IRQ "FROM_CPU0" on core 0 by: 
/home/ulrich/.platformio/packages/framework-espidf/components/lwip/lwip/src/core/mem.c:237
/home/ulrich/.platformio/packages/framework-espidf/components/lwip/lwip/src/core/memp.c:254
/home/ulrich/.platformio/packages/framework-espidf/components/lwip/lwip/src/core/memp.c:350 (discriminator 2)
/home/ulrich/.platformio/packages/framework-espidf/components/lwip/lwip/src/core/timeouts.c:199
/home/ulrich/.platformio/packages/framework-espidf/components/lwip/lwip/src/core/timeouts.c:316
/home/ulrich/.platformio/packages/framework-espidf/components/lwip/lwip/src/core/timeouts.c:163

Found 1200 leaked bytes in 39 blocks.
=============== LOG TRACE REPORT ===============
Processed 0 log messages.
